[2022-11-21 12:10:03] request.CRITICAL: Uncaught PHP Exception Symfony\Component\Filesystem\Exception\IOException: "Cannot rename "C:\wamp64\www\prestashop\var\cache\prod\app3975.tmp" to "C:\wamp64\www\prestashop\var\cache\prod/appProdProjectContainerUrlMatcher.php"." at C:\wamp64\www\prestashop\vendor\symfony\symfony\src\Symfony\Component\Filesystem\Filesystem.php line 289 {"exception":"[object] (Symfony\\Component\\Filesystem\\Exception\\IOException(code: 0): Cannot rename \"C:\\wamp64\\www\\prestashop\\var\\cache\\prod\\app3975.tmp\" to \"C:\\wamp64\\www\\prestashop\\var\\cache\\prod/appProdProjectContainerUrlMatcher.php\". at C:\\wamp64\\www\\prestashop\\vendor\\symfony\\symfony\\src\\Symfony\\Component\\Filesystem\\Filesystem.php:289)"} []
[2022-11-21 12:10:03] request.CRITICAL: Exception thrown when handling an exception (Twig\Error\RuntimeError: An exception has been thrown during the rendering of a template ("Failed to write cache file "C:\wamp64\www\prestashop\var\cache\prod/twig/9c/9c4a60628871ab270bf58414ca9b499f50174c61125080060511427bd45ed167.php"."). at C:\wamp64\www\prestashop\app\Resources\TwigBundle\views\Exception\error.html.twig line 26) {"exception":"[object] (Twig\\Error\\RuntimeError(code: 0): An exception has been thrown during the rendering of a template (\"Failed to write cache file \"C:\\wamp64\\www\\prestashop\\var\\cache\\prod/twig/9c/9c4a60628871ab270bf58414ca9b499f50174c61125080060511427bd45ed167.php\".\"). at C:\\wamp64\\www\\prestashop\\app\\Resources\\TwigBundle\\views\\Exception\\error.html.twig:26, RuntimeException(code: 0): Failed to write cache file \"C:\\wamp64\\www\\prestashop\\var\\cache\\prod/twig/9c/9c4a60628871ab270bf58414ca9b499f50174c61125080060511427bd45ed167.php\". at C:\\wamp64\\www\\prestashop\\vendor\\twig\\twig\\src\\Cache\\FilesystemCache.php:80)"} []
[2022-12-10 18:08:42] request.INFO: Matched route "admin_themes_import". {"route":"admin_themes_import","route_parameters":{"_controller":"PrestaShopBundle\\Controller\\Admin\\Improve\\Design\\ThemeController::importAction","_legacy_controller":"AdminThemes","_legacy_link":"AdminThemes:importtheme","_route":"admin_themes_import"},"request_uri":"http://localhost/prestashop/admin0097jhjki/index.php/improve/design/themes/import?_token=8kQM1c1So49NI8iDDt5KbzSXBq-oCJvpUGdT4WVNTjM","method":"POST"} []
[2022-12-10 18:08:42] security.DEBUG: Read existing security token from the session. {"key":"_security_main","token_class":"Symfony\\Component\\Security\\Core\\Authentication\\Token\\UsernamePasswordToken"} []
[2022-12-10 18:08:42] security.DEBUG: User was reloaded from a user provider. {"provider":"PrestaShopBundle\\Security\\Admin\\EmployeeProvider","username":"ma.ponchelet@gmail.com"} []
[2022-12-10 18:08:46] app.ERROR: No result was found for query although at least one row was expected. {"object_type":"Translation"} []
[2022-12-10 18:08:46] app.ERROR: No result was found for query although at least one row was expected. {"object_type":"Translation"} []
[2022-12-10 18:08:46] app.ERROR: No result was found for query although at least one row was expected. {"object_type":"Translation"} []
[2022-12-10 18:08:46] app.ERROR: No result was found for query although at least one row was expected. {"object_type":"Translation"} []
[2022-12-10 18:08:46] app.ERROR: No result was found for query although at least one row was expected. {"object_type":"Translation"} []
[2022-12-10 18:08:46] app.ERROR: No result was found for query although at least one row was expected. {"object_type":"Translation"} []
[2022-12-10 18:08:46] app.ERROR: No result was found for query although at least one row was expected. {"object_type":"Translation"} []
[2022-12-10 18:08:46] app.ERROR: You must specify as many arguments (%d, %s ...) as the original string. {"object_type":"Translation"} []
[2022-12-10 18:08:46] app.ERROR: No result was found for query although at least one row was expected. {"object_type":"Translation"} []
[2022-12-10 18:08:46] app.ERROR: You must specify as many arguments (%d, %s ...) as the original string. {"object_type":"Translation"} []
[2022-12-10 18:08:46] app.ERROR: No result was found for query although at least one row was expected. {"object_type":"Translation"} []
[2022-12-10 18:08:46] app.ERROR: No result was found for query although at least one row was expected. {"object_type":"Translation"} []
[2022-12-10 18:08:46] app.ERROR: No result was found for query although at least one row was expected. {"object_type":"Translation"} []
[2022-12-10 18:08:46] app.ERROR: No result was found for query although at least one row was expected. {"object_type":"Translation"} []
[2022-12-10 18:08:46] app.ERROR: No result was found for query although at least one row was expected. {"object_type":"Translation"} []
[2022-12-10 18:08:46] app.ERROR: No result was found for query although at least one row was expected. {"object_type":"Translation"} []
[2022-12-10 18:08:46] app.ERROR: No result was found for query although at least one row was expected. {"object_type":"Translation"} []
[2022-12-10 18:08:46] app.ERROR: No result was found for query although at least one row was expected. {"object_type":"Translation"} []
[2022-12-10 18:08:46] app.ERROR: No result was found for query although at least one row was expected. {"object_type":"Translation"} []
[2022-12-10 18:08:46] app.ERROR: You must specify as many arguments (%d, %s ...) as the original string. {"object_type":"Translation"} []
[2022-12-10 18:08:46] app.ERROR: No result was found for query although at least one row was expected. {"object_type":"Translation"} []
[2022-12-10 18:08:46] app.ERROR: No result was found for query although at least one row was expected. {"object_type":"Translation"} []
[2022-12-10 18:08:46] app.ERROR: No result was found for query although at least one row was expected. {"object_type":"Translation"} []
[2022-12-10 18:08:46] app.ERROR: No result was found for query although at least one row was expected. {"object_type":"Translation"} []
[2022-12-10 18:08:46] app.ERROR: No result was found for query although at least one row was expected. {"object_type":"Translation"} []
[2022-12-10 18:08:46] app.ERROR: You must specify as many arguments (%d, %s ...) as the original string. {"object_type":"Translation"} []
[2022-12-10 18:08:46] app.ERROR: No result was found for query although at least one row was expected. {"object_type":"Translation"} []
[2022-12-10 18:08:46] app.ERROR: No result was found for query although at least one row was expected. {"object_type":"Translation"} []
[2022-12-10 18:08:46] app.ERROR: No result was found for query although at least one row was expected. {"object_type":"Translation"} []
[2022-12-10 18:08:46] app.ERROR: No result was found for query although at least one row was expected. {"object_type":"Translation"} []
[2022-12-10 18:08:46] app.ERROR: No result was found for query although at least one row was expected. {"object_type":"Translation"} []
[2022-12-10 18:08:46] app.ERROR: No result was found for query although at least one row was expected. {"object_type":"Translation"} []
[2022-12-10 18:08:46] app.ERROR: No result was found for query although at least one row was expected. {"object_type":"Translation"} []
[2022-12-10 18:08:46] app.ERROR: No result was found for query although at least one row was expected. {"object_type":"Translation"} []
[2022-12-10 18:08:46] app.ERROR: No result was found for query although at least one row was expected. {"object_type":"Translation"} []
[2022-12-10 18:08:46] app.ERROR: No result was found for query although at least one row was expected. {"object_type":"Translation"} []
[2022-12-10 18:08:46] app.ERROR: No result was found for query although at least one row was expected. {"object_type":"Translation"} []
[2022-12-10 18:08:46] security.DEBUG: Stored the security token in the session. {"key":"_security_main"} []
[2022-12-10 18:44:28] request.CRITICAL: Uncaught PHP Exception SmartyException: "unable to write file C:\wamp64\www\prestashop\var\cache\prod\smarty\compile\3f\22\a7\3f22a77cdae49aa101bf629c52d5c40632120696_0.file.login_addons.tpl.php" at C:\wamp64\www\prestashop\vendor\smarty\smarty\libs\sysplugins\smarty_internal_runtime_writefile.php line 90 {"exception":"[object] (SmartyException(code: 0): unable to write file C:\\wamp64\\www\\prestashop\\var\\cache\\prod\\smarty\\compile\\3f\\22\\a7\\3f22a77cdae49aa101bf629c52d5c40632120696_0.file.login_addons.tpl.php at C:\\wamp64\\www\\prestashop\\vendor\\smarty\\smarty\\libs\\sysplugins\\smarty_internal_runtime_writefile.php:90)"} []
[2022-12-11 17:42:44] request.CRITICAL: Uncaught PHP Exception SmartyException: "unable to write file C:\wamp64\www\prestashop\var\cache\prod\smarty\compile\3f\22\a7\3f22a77cdae49aa101bf629c52d5c40632120696_0.file.login_addons.tpl.php" at C:\wamp64\www\prestashop\vendor\smarty\smarty\libs\sysplugins\smarty_internal_runtime_writefile.php line 90 {"exception":"[object] (SmartyException(code: 0): unable to write file C:\\wamp64\\www\\prestashop\\var\\cache\\prod\\smarty\\compile\\3f\\22\\a7\\3f22a77cdae49aa101bf629c52d5c40632120696_0.file.login_addons.tpl.php at C:\\wamp64\\www\\prestashop\\vendor\\smarty\\smarty\\libs\\sysplugins\\smarty_internal_runtime_writefile.php:90)"} []
[2022-12-11 17:56:01] request.CRITICAL: Uncaught PHP Exception SmartyException: "unable to write file C:\wamp64\www\prestashop\var\cache\prod\smarty\compile\3f\22\a7\3f22a77cdae49aa101bf629c52d5c40632120696_0.file.login_addons.tpl.php" at C:\wamp64\www\prestashop\vendor\smarty\smarty\libs\sysplugins\smarty_internal_runtime_writefile.php line 90 {"exception":"[object] (SmartyException(code: 0): unable to write file C:\\wamp64\\www\\prestashop\\var\\cache\\prod\\smarty\\compile\\3f\\22\\a7\\3f22a77cdae49aa101bf629c52d5c40632120696_0.file.login_addons.tpl.php at C:\\wamp64\\www\\prestashop\\vendor\\smarty\\smarty\\libs\\sysplugins\\smarty_internal_runtime_writefile.php:90)"} []
[2022-12-11 17:56:01] request.CRITICAL: Uncaught PHP Exception SmartyException: "unable to write file C:\wamp64\www\prestashop\var\cache\prod\smarty\compile\3f\22\a7\3f22a77cdae49aa101bf629c52d5c40632120696_0.file.login_addons.tpl.php" at C:\wamp64\www\prestashop\vendor\smarty\smarty\libs\sysplugins\smarty_internal_runtime_writefile.php line 90 {"exception":"[object] (SmartyException(code: 0): unable to write file C:\\wamp64\\www\\prestashop\\var\\cache\\prod\\smarty\\compile\\3f\\22\\a7\\3f22a77cdae49aa101bf629c52d5c40632120696_0.file.login_addons.tpl.php at C:\\wamp64\\www\\prestashop\\vendor\\smarty\\smarty\\libs\\sysplugins\\smarty_internal_runtime_writefile.php:90)"} []
[2022-12-11 17:56:01] request.CRITICAL: Uncaught PHP Exception SmartyException: "unable to write file C:\wamp64\www\prestashop\var\cache\prod\smarty\compile\3f\22\a7\3f22a77cdae49aa101bf629c52d5c40632120696_0.file.login_addons.tpl.php" at C:\wamp64\www\prestashop\vendor\smarty\smarty\libs\sysplugins\smarty_internal_runtime_writefile.php line 90 {"exception":"[object] (SmartyException(code: 0): unable to write file C:\\wamp64\\www\\prestashop\\var\\cache\\prod\\smarty\\compile\\3f\\22\\a7\\3f22a77cdae49aa101bf629c52d5c40632120696_0.file.login_addons.tpl.php at C:\\wamp64\\www\\prestashop\\vendor\\smarty\\smarty\\libs\\sysplugins\\smarty_internal_runtime_writefile.php:90)"} []
[2022-12-11 18:01:26] request.CRITICAL: Uncaught PHP Exception SmartyException: "Invalid compiled template for 'controllers/modules/login_addons.tpl'" at C:\wamp64\www\prestashop\vendor\smarty\smarty\libs\sysplugins\smarty_template_resource_base.php line 116 {"exception":"[object] (SmartyException(code: 0): Invalid compiled template for 'controllers/modules/login_addons.tpl' at C:\\wamp64\\www\\prestashop\\vendor\\smarty\\smarty\\libs\\sysplugins\\smarty_template_resource_base.php:116)"} []
[2022-12-11 18:04:15] request.CRITICAL: Uncaught PHP Exception SmartyException: "unable to write file C:\wamp64\www\prestashop\var\cache\prod\smarty\compile\3f\22\a7\3f22a77cdae49aa101bf629c52d5c40632120696_0.file.login_addons.tpl.php" at C:\wamp64\www\prestashop\vendor\smarty\smarty\libs\sysplugins\smarty_internal_runtime_writefile.php line 90 {"exception":"[object] (SmartyException(code: 0): unable to write file C:\\wamp64\\www\\prestashop\\var\\cache\\prod\\smarty\\compile\\3f\\22\\a7\\3f22a77cdae49aa101bf629c52d5c40632120696_0.file.login_addons.tpl.php at C:\\wamp64\\www\\prestashop\\vendor\\smarty\\smarty\\libs\\sysplugins\\smarty_internal_runtime_writefile.php:90)"} []
[2022-12-11 18:04:15] request.CRITICAL: Uncaught PHP Exception SmartyException: "unable to write file C:\wamp64\www\prestashop\var\cache\prod\smarty\compile\3f\22\a7\3f22a77cdae49aa101bf629c52d5c40632120696_0.file.login_addons.tpl.php" at C:\wamp64\www\prestashop\vendor\smarty\smarty\libs\sysplugins\smarty_internal_runtime_writefile.php line 90 {"exception":"[object] (SmartyException(code: 0): unable to write file C:\\wamp64\\www\\prestashop\\var\\cache\\prod\\smarty\\compile\\3f\\22\\a7\\3f22a77cdae49aa101bf629c52d5c40632120696_0.file.login_addons.tpl.php at C:\\wamp64\\www\\prestashop\\vendor\\smarty\\smarty\\libs\\sysplugins\\smarty_internal_runtime_writefile.php:90)"} []
[2022-12-11 18:04:15] request.CRITICAL: Uncaught PHP Exception SmartyException: "unable to write file C:\wamp64\www\prestashop\var\cache\prod\smarty\compile\3f\22\a7\3f22a77cdae49aa101bf629c52d5c40632120696_0.file.login_addons.tpl.php" at C:\wamp64\www\prestashop\vendor\smarty\smarty\libs\sysplugins\smarty_internal_runtime_writefile.php line 90 {"exception":"[object] (SmartyException(code: 0): unable to write file C:\\wamp64\\www\\prestashop\\var\\cache\\prod\\smarty\\compile\\3f\\22\\a7\\3f22a77cdae49aa101bf629c52d5c40632120696_0.file.login_addons.tpl.php at C:\\wamp64\\www\\prestashop\\vendor\\smarty\\smarty\\libs\\sysplugins\\smarty_internal_runtime_writefile.php:90)"} []
[2022-12-11 18:07:57] request.CRITICAL: Uncaught PHP Exception SmartyException: "unable to write file C:\wamp64\www\prestashop\var\cache\prod\smarty\compile\3f\22\a7\3f22a77cdae49aa101bf629c52d5c40632120696_0.file.login_addons.tpl.php" at C:\wamp64\www\prestashop\vendor\smarty\smarty\libs\sysplugins\smarty_internal_runtime_writefile.php line 90 {"exception":"[object] (SmartyException(code: 0): unable to write file C:\\wamp64\\www\\prestashop\\var\\cache\\prod\\smarty\\compile\\3f\\22\\a7\\3f22a77cdae49aa101bf629c52d5c40632120696_0.file.login_addons.tpl.php at C:\\wamp64\\www\\prestashop\\vendor\\smarty\\smarty\\libs\\sysplugins\\smarty_internal_runtime_writefile.php:90)"} []
[2022-12-11 18:07:57] request.CRITICAL: Uncaught PHP Exception SmartyException: "unable to write file C:\wamp64\www\prestashop\var\cache\prod\smarty\compile\3f\22\a7\3f22a77cdae49aa101bf629c52d5c40632120696_0.file.login_addons.tpl.php" at C:\wamp64\www\prestashop\vendor\smarty\smarty\libs\sysplugins\smarty_internal_runtime_writefile.php line 90 {"exception":"[object] (SmartyException(code: 0): unable to write file C:\\wamp64\\www\\prestashop\\var\\cache\\prod\\smarty\\compile\\3f\\22\\a7\\3f22a77cdae49aa101bf629c52d5c40632120696_0.file.login_addons.tpl.php at C:\\wamp64\\www\\prestashop\\vendor\\smarty\\smarty\\libs\\sysplugins\\smarty_internal_runtime_writefile.php:90)"} []
[2022-12-11 18:10:57] request.CRITICAL: Uncaught PHP Exception SmartyException: "unable to write file C:\wamp64\www\prestashop\var\cache\prod\smarty\compile\3f\22\a7\3f22a77cdae49aa101bf629c52d5c40632120696_0.file.login_addons.tpl.php" at C:\wamp64\www\prestashop\vendor\smarty\smarty\libs\sysplugins\smarty_internal_runtime_writefile.php line 90 {"exception":"[object] (SmartyException(code: 0): unable to write file C:\\wamp64\\www\\prestashop\\var\\cache\\prod\\smarty\\compile\\3f\\22\\a7\\3f22a77cdae49aa101bf629c52d5c40632120696_0.file.login_addons.tpl.php at C:\\wamp64\\www\\prestashop\\vendor\\smarty\\smarty\\libs\\sysplugins\\smarty_internal_runtime_writefile.php:90)"} []
[2022-12-11 18:10:57] request.CRITICAL: Uncaught PHP Exception SmartyException: "unable to write file C:\wamp64\www\prestashop\var\cache\prod\smarty\compile\3f\22\a7\3f22a77cdae49aa101bf629c52d5c40632120696_0.file.login_addons.tpl.php" at C:\wamp64\www\prestashop\vendor\smarty\smarty\libs\sysplugins\smarty_internal_runtime_writefile.php line 90 {"exception":"[object] (SmartyException(code: 0): unable to write file C:\\wamp64\\www\\prestashop\\var\\cache\\prod\\smarty\\compile\\3f\\22\\a7\\3f22a77cdae49aa101bf629c52d5c40632120696_0.file.login_addons.tpl.php at C:\\wamp64\\www\\prestashop\\vendor\\smarty\\smarty\\libs\\sysplugins\\smarty_internal_runtime_writefile.php:90)"} []
[2022-12-11 18:10:57] request.CRITICAL: Uncaught PHP Exception SmartyException: "unable to write file C:\wamp64\www\prestashop\var\cache\prod\smarty\compile\3f\22\a7\3f22a77cdae49aa101bf629c52d5c40632120696_0.file.login_addons.tpl.php" at C:\wamp64\www\prestashop\vendor\smarty\smarty\libs\sysplugins\smarty_internal_runtime_writefile.php line 90 {"exception":"[object] (SmartyException(code: 0): unable to write file C:\\wamp64\\www\\prestashop\\var\\cache\\prod\\smarty\\compile\\3f\\22\\a7\\3f22a77cdae49aa101bf629c52d5c40632120696_0.file.login_addons.tpl.php at C:\\wamp64\\www\\prestashop\\vendor\\smarty\\smarty\\libs\\sysplugins\\smarty_internal_runtime_writefile.php:90)"} []
[2022-12-11 18:14:58] request.CRITICAL: Uncaught PHP Exception SmartyException: "unable to write file C:\wamp64\www\prestashop\var\cache\prod\smarty\compile\3f\22\a7\3f22a77cdae49aa101bf629c52d5c40632120696_0.file.login_addons.tpl.php" at C:\wamp64\www\prestashop\vendor\smarty\smarty\libs\sysplugins\smarty_internal_runtime_writefile.php line 90 {"exception":"[object] (SmartyException(code: 0): unable to write file C:\\wamp64\\www\\prestashop\\var\\cache\\prod\\smarty\\compile\\3f\\22\\a7\\3f22a77cdae49aa101bf629c52d5c40632120696_0.file.login_addons.tpl.php at C:\\wamp64\\www\\prestashop\\vendor\\smarty\\smarty\\libs\\sysplugins\\smarty_internal_runtime_writefile.php:90)"} []
[2022-12-11 18:14:58] request.CRITICAL: Uncaught PHP Exception SmartyException: "unable to write file C:\wamp64\www\prestashop\var\cache\prod\smarty\compile\3f\22\a7\3f22a77cdae49aa101bf629c52d5c40632120696_0.file.login_addons.tpl.php" at C:\wamp64\www\prestashop\vendor\smarty\smarty\libs\sysplugins\smarty_internal_runtime_writefile.php line 90 {"exception":"[object] (SmartyException(code: 0): unable to write file C:\\wamp64\\www\\prestashop\\var\\cache\\prod\\smarty\\compile\\3f\\22\\a7\\3f22a77cdae49aa101bf629c52d5c40632120696_0.file.login_addons.tpl.php at C:\\wamp64\\www\\prestashop\\vendor\\smarty\\smarty\\libs\\sysplugins\\smarty_internal_runtime_writefile.php:90)"} []
[2022-12-11 18:25:28] request.CRITICAL: Uncaught PHP Exception SmartyException: "unable to write file C:\wamp64\www\prestashop\var\cache\prod\smarty\compile\3f\22\a7\3f22a77cdae49aa101bf629c52d5c40632120696_0.file.login_addons.tpl.php" at C:\wamp64\www\prestashop\vendor\smarty\smarty\libs\sysplugins\smarty_internal_runtime_writefile.php line 90 {"exception":"[object] (SmartyException(code: 0): unable to write file C:\\wamp64\\www\\prestashop\\var\\cache\\prod\\smarty\\compile\\3f\\22\\a7\\3f22a77cdae49aa101bf629c52d5c40632120696_0.file.login_addons.tpl.php at C:\\wamp64\\www\\prestashop\\vendor\\smarty\\smarty\\libs\\sysplugins\\smarty_internal_runtime_writefile.php:90)"} []
[2022-12-11 18:25:28] request.CRITICAL: Uncaught PHP Exception SmartyException: "unable to write file C:\wamp64\www\prestashop\var\cache\prod\smarty\compile\3f\22\a7\3f22a77cdae49aa101bf629c52d5c40632120696_0.file.login_addons.tpl.php" at C:\wamp64\www\prestashop\vendor\smarty\smarty\libs\sysplugins\smarty_internal_runtime_writefile.php line 90 {"exception":"[object] (SmartyException(code: 0): unable to write file C:\\wamp64\\www\\prestashop\\var\\cache\\prod\\smarty\\compile\\3f\\22\\a7\\3f22a77cdae49aa101bf629c52d5c40632120696_0.file.login_addons.tpl.php at C:\\wamp64\\www\\prestashop\\vendor\\smarty\\smarty\\libs\\sysplugins\\smarty_internal_runtime_writefile.php:90)"} []
[2022-12-11 18:25:28] request.CRITICAL: Uncaught PHP Exception SmartyException: "unable to write file C:\wamp64\www\prestashop\var\cache\prod\smarty\compile\3f\22\a7\3f22a77cdae49aa101bf629c52d5c40632120696_0.file.login_addons.tpl.php" at C:\wamp64\www\prestashop\vendor\smarty\smarty\libs\sysplugins\smarty_internal_runtime_writefile.php line 90 {"exception":"[object] (SmartyException(code: 0): unable to write file C:\\wamp64\\www\\prestashop\\var\\cache\\prod\\smarty\\compile\\3f\\22\\a7\\3f22a77cdae49aa101bf629c52d5c40632120696_0.file.login_addons.tpl.php at C:\\wamp64\\www\\prestashop\\vendor\\smarty\\smarty\\libs\\sysplugins\\smarty_internal_runtime_writefile.php:90)"} []
[2022-12-11 18:25:35] request.CRITICAL: Uncaught PHP Exception SmartyException: "unable to write file C:\wamp64\www\prestashop\var\cache\prod\smarty\compile\3f\22\a7\3f22a77cdae49aa101bf629c52d5c40632120696_0.file.login_addons.tpl.php" at C:\wamp64\www\prestashop\vendor\smarty\smarty\libs\sysplugins\smarty_internal_runtime_writefile.php line 90 {"exception":"[object] (SmartyException(code: 0): unable to write file C:\\wamp64\\www\\prestashop\\var\\cache\\prod\\smarty\\compile\\3f\\22\\a7\\3f22a77cdae49aa101bf629c52d5c40632120696_0.file.login_addons.tpl.php at C:\\wamp64\\www\\prestashop\\vendor\\smarty\\smarty\\libs\\sysplugins\\smarty_internal_runtime_writefile.php:90)"} []
[2022-12-11 18:25:35] request.CRITICAL: Uncaught PHP Exception SmartyException: "unable to write file C:\wamp64\www\prestashop\var\cache\prod\smarty\compile\3f\22\a7\3f22a77cdae49aa101bf629c52d5c40632120696_0.file.login_addons.tpl.php" at C:\wamp64\www\prestashop\vendor\smarty\smarty\libs\sysplugins\smarty_internal_runtime_writefile.php line 90 {"exception":"[object] (SmartyException(code: 0): unable to write file C:\\wamp64\\www\\prestashop\\var\\cache\\prod\\smarty\\compile\\3f\\22\\a7\\3f22a77cdae49aa101bf629c52d5c40632120696_0.file.login_addons.tpl.php at C:\\wamp64\\www\\prestashop\\vendor\\smarty\\smarty\\libs\\sysplugins\\smarty_internal_runtime_writefile.php:90)"} []
[2022-12-11 18:25:35] request.CRITICAL: Uncaught PHP Exception SmartyException: "unable to write file C:\wamp64\www\prestashop\var\cache\prod\smarty\compile\3f\22\a7\3f22a77cdae49aa101bf629c52d5c40632120696_0.file.login_addons.tpl.php" at C:\wamp64\www\prestashop\vendor\smarty\smarty\libs\sysplugins\smarty_internal_runtime_writefile.php line 90 {"exception":"[object] (SmartyException(code: 0): unable to write file C:\\wamp64\\www\\prestashop\\var\\cache\\prod\\smarty\\compile\\3f\\22\\a7\\3f22a77cdae49aa101bf629c52d5c40632120696_0.file.login_addons.tpl.php at C:\\wamp64\\www\\prestashop\\vendor\\smarty\\smarty\\libs\\sysplugins\\smarty_internal_runtime_writefile.php:90)"} []
[2022-12-11 20:00:12] request.INFO: Matched route "admin_system_information_check_files". {"route":"admin_system_information_check_files","route_parameters":{"_controller":"PrestaShopBundle\\Controller\\Admin\\Configure\\AdvancedParameters\\SystemInformationController::displayCheckFilesAction","_legacy_controller":"AdminInformation","_legacy_link":"AdminInformation:checkFiles","_route":"admin_system_information_check_files"},"request_uri":"http://localhost/prestashop/admin0097jhjki/index.php/configure/advanced/system-information/files?_token=8kQM1c1So49NI8iDDt5KbzSXBq-oCJvpUGdT4WVNTjM","method":"POST"} []
[2022-12-11 20:00:12] security.DEBUG: Read existing security token from the session. {"key":"_security_main","token_class":"Symfony\\Component\\Security\\Core\\Authentication\\Token\\UsernamePasswordToken"} []
[2022-12-11 20:00:12] security.DEBUG: User was reloaded from a user provider. {"provider":"PrestaShopBundle\\Security\\Admin\\EmployeeProvider","username":"ma.ponchelet@gmail.com"} []
[2022-12-11 20:02:12] request.CRITICAL: Uncaught PHP Exception Symfony\Component\Debug\Exception\FatalErrorException: "Error: Maximum execution time of 120 seconds exceeded" at C:\wamp64\www\prestashop\src\Adapter\Requirement\CheckMissingOrUpdatedFiles.php line 70 {"exception":"[object] (Symfony\\Component\\Debug\\Exception\\FatalErrorException(code: 0): Error: Maximum execution time of 120 seconds exceeded at C:\\wamp64\\www\\prestashop\\src\\Adapter\\Requirement\\CheckMissingOrUpdatedFiles.php:70)"} []
[2022-12-11 20:02:12] security.DEBUG: Stored the security token in the session. {"key":"_security_main"} []
[2022-12-11 20:00:12] request.INFO: Matched route "admin_common_notifications". {"route":"admin_common_notifications","route_parameters":{"_controller":"PrestaShopBundle\\Controller\\Admin\\CommonController::notificationsAction","_legacy_controller":"AdminCommon","_legacy_link":"AdminCommon","_route":"admin_common_notifications"},"request_uri":"http://localhost/prestashop/admin0097jhjki/index.php/common/notifications?_token=8kQM1c1So49NI8iDDt5KbzSXBq-oCJvpUGdT4WVNTjM&rand=1670785212775","method":"POST"} []
[2022-12-11 20:02:12] request.CRITICAL: Uncaught PHP Exception Symfony\Component\Debug\Exception\FatalErrorException: "Error: Maximum execution time of 120 seconds exceeded" at C:\wamp64\www\prestashop\vendor\symfony\symfony\src\Symfony\Component\HttpFoundation\Session\Storage\Handler\StrictSessionHandler.php line 48 {"exception":"[object] (Symfony\\Component\\Debug\\Exception\\FatalErrorException(code: 0): Error: Maximum execution time of 120 seconds exceeded at C:\\wamp64\\www\\prestashop\\vendor\\symfony\\symfony\\src\\Symfony\\Component\\HttpFoundation\\Session\\Storage\\Handler\\StrictSessionHandler.php:48)"} []
[2022-12-11 20:02:12] request.CRITICAL: Exception thrown when handling an exception (Twig\Error\RuntimeError: An exception has been thrown during the rendering of a template ("Failed to start the session: already started by PHP."). at C:\wamp64\www\prestashop\src\PrestaShopBundle\Resources\views\Admin\Exception\error.html.twig line 60) {"exception":"[object] (Twig\\Error\\RuntimeError(code: 0): An exception has been thrown during the rendering of a template (\"Failed to start the session: already started by PHP.\"). at C:\\wamp64\\www\\prestashop\\src\\PrestaShopBundle\\Resources\\views\\Admin\\Exception\\error.html.twig:60, RuntimeException(code: 0): Failed to start the session: already started by PHP. at C:\\wamp64\\www\\prestashop\\vendor\\symfony\\symfony\\src\\Symfony\\Component\\HttpFoundation\\Session\\Storage\\NativeSessionStorage.php:146)"} []
[2022-12-11 20:00:12] request.INFO: Matched route "admin_common_notifications". {"route":"admin_common_notifications","route_parameters":{"_controller":"PrestaShopBundle\\Controller\\Admin\\CommonController::notificationsAction","_legacy_controller":"AdminCommon","_legacy_link":"AdminCommon","_route":"admin_common_notifications"},"request_uri":"http://localhost/prestashop/admin0097jhjki/index.php/common/notifications?_token=8kQM1c1So49NI8iDDt5KbzSXBq-oCJvpUGdT4WVNTjM","method":"POST"} []
[2022-12-11 20:02:12] request.CRITICAL: Uncaught PHP Exception Symfony\Component\Debug\Exception\FatalErrorException: "Error: Maximum execution time of 120 seconds exceeded" at C:\wamp64\www\prestashop\vendor\symfony\symfony\src\Symfony\Component\HttpFoundation\Session\Storage\Handler\StrictSessionHandler.php line 48 {"exception":"[object] (Symfony\\Component\\Debug\\Exception\\FatalErrorException(code: 0): Error: Maximum execution time of 120 seconds exceeded at C:\\wamp64\\www\\prestashop\\vendor\\symfony\\symfony\\src\\Symfony\\Component\\HttpFoundation\\Session\\Storage\\Handler\\StrictSessionHandler.php:48)"} []
[2022-12-11 20:02:13] request.CRITICAL: Exception thrown when handling an exception (Twig\Error\RuntimeError: An exception has been thrown during the rendering of a template ("Failed to start the session: already started by PHP."). at C:\wamp64\www\prestashop\src\PrestaShopBundle\Resources\views\Admin\Exception\error.html.twig line 60) {"exception":"[object] (Twig\\Error\\RuntimeError(code: 0): An exception has been thrown during the rendering of a template (\"Failed to start the session: already started by PHP.\"). at C:\\wamp64\\www\\prestashop\\src\\PrestaShopBundle\\Resources\\views\\Admin\\Exception\\error.html.twig:60, RuntimeException(code: 0): Failed to start the session: already started by PHP. at C:\\wamp64\\www\\prestashop\\vendor\\symfony\\symfony\\src\\Symfony\\Component\\HttpFoundation\\Session\\Storage\\NativeSessionStorage.php:146)"} []
[2022-12-11 20:02:13] request.CRITICAL: Uncaught PHP Exception Symfony\Component\Debug\Exception\FatalErrorException: "Error: Maximum execution time of 120 seconds exceeded" at C:\wamp64\www\prestashop\vendor\symfony\symfony\src\Symfony\Component\HttpFoundation\Session\Storage\Handler\StrictSessionHandler.php line 48 {"exception":"[object] (Symfony\\Component\\Debug\\Exception\\FatalErrorException(code: 0): Error: Maximum execution time of 120 seconds exceeded at C:\\wamp64\\www\\prestashop\\vendor\\symfony\\symfony\\src\\Symfony\\Component\\HttpFoundation\\Session\\Storage\\Handler\\StrictSessionHandler.php:48)"} []
[2022-12-11 20:02:13] request.CRITICAL: Exception thrown when handling an exception (Twig\Error\RuntimeError: An exception has been thrown during the rendering of a template ("Failed to start the session: already started by PHP."). at C:\wamp64\www\prestashop\src\PrestaShopBundle\Resources\views\Admin\Exception\error.html.twig line 60) {"exception":"[object] (Twig\\Error\\RuntimeError(code: 0): An exception has been thrown during the rendering of a template (\"Failed to start the session: already started by PHP.\"). at C:\\wamp64\\www\\prestashop\\src\\PrestaShopBundle\\Resources\\views\\Admin\\Exception\\error.html.twig:60, RuntimeException(code: 0): Failed to start the session: already started by PHP. at C:\\wamp64\\www\\prestashop\\vendor\\symfony\\symfony\\src\\Symfony\\Component\\HttpFoundation\\Session\\Storage\\NativeSessionStorage.php:146)"} []
